<?xml version="1.0" encoding="UTF-8"?>
<!-- Generated by org.testng.reporters.JUnitReportReporter -->
<testsuite skipped="0" hostname="DESKTOP-2QDDJPE" name="com.gp.selenium.Creationform" tests="1" failures="0" timestamp="24 Mar 2018 09:00:27 GMT" time="28.318" errors="0">
  <testcase name="loginApp" time="28.318" classname="com.gp.selenium.Creationform"/>
</testsuite> <!-- com.gp.selenium.Creationform -->
